2025-06-01 16:33:36,299 | INFO | Using device: cuda
2025-06-01 16:33:36,299 | INFO | Loading train/valid/test CSV splits …
2025-06-01 16:33:36,593 | INFO | Loading model & tokenizer from `tabularisai/multilingual-sentiment-analysis` …
2025-06-01 16:33:38,384 | INFO | Tokenizing train dataset …
2025-06-01 16:33:39,913 | INFO | Tokenizing valid dataset …
2025-06-01 16:33:40,388 | INFO | Tokenizing test dataset …
2025-06-01 16:33:40,868 | INFO | Starting training …
2025-06-01 16:47:47,362 | INFO | Training complete.
2025-06-01 16:47:47,362 | INFO | Saving final model to out_multilingual_3class\best_model …
2025-06-01 16:47:48,591 | INFO | Evaluating on VALID set …
2025-06-01 16:47:53,740 | INFO | VALID metrics: {'eval_loss': 1.6436306238174438, 'eval_macro_f1': 0.7496161902240227, 'eval_accuracy': 0.7493654822335025, 'eval_runtime': 5.1487, 'eval_samples_per_second': 612.194, 'eval_steps_per_second': 19.228, 'epoch': 10.0}
2025-06-01 16:47:53,740 | INFO | Evaluating on TEST set …
2025-06-01 16:47:58,858 | INFO | TEST metrics: {'eval_loss': 1.6356898546218872, 'eval_macro_f1': 0.7593566166161502, 'eval_accuracy': 0.758248730964467, 'eval_runtime': 5.1177, 'eval_samples_per_second': 615.906, 'eval_steps_per_second': 19.345, 'epoch': 10.0}
2025-06-01 16:47:58,858 | INFO | Generating detailed classification report on TEST set …
2025-06-01 16:48:03,994 | INFO | 
              precision    recall  f1-score   support

    Negative       0.79      0.78      0.79      1050
     Neutral       0.67      0.70      0.69      1051
    Positive       0.83      0.79      0.81      1051

    accuracy                           0.76      3152
   macro avg       0.76      0.76      0.76      3152
weighted avg       0.76      0.76      0.76      3152

2025-06-01 16:48:03,994 | INFO | Confusion matrix:
[[823 196  31]
 [170 740 141]
 [ 51 173 827]]
2025-06-01 16:48:03,995 | INFO | All done. Logs are in training-tabularis.log
